Tue Jan 21 11:25:37 
Tue Jan 21 11:25:37 warning: 32-bit servers don't have journaling enabled by default. Please use --journal if you want durability.
Tue Jan 21 11:25:37 
Tue Jan 21 11:25:37 [initandlisten] MongoDB starting : pid=5240 port=27017 dbpath=f:\express\mongodb\data\db 32-bit host=207161-PC
Tue Jan 21 11:25:37 [initandlisten] 
Tue Jan 21 11:25:37 [initandlisten] ** NOTE: when using MongoDB 32 bit, you are limited to about 2 gigabytes of data
Tue Jan 21 11:25:37 [initandlisten] **       see http://blog.mongodb.org/post/137788967/32-bit-limitations
Tue Jan 21 11:25:37 [initandlisten] **       with --journal, the limit is lower
Tue Jan 21 11:25:37 [initandlisten] 
Tue Jan 21 11:25:37 [initandlisten] db version v2.2.7, pdfile version 4.5
Tue Jan 21 11:25:37 [initandlisten] git version: 6c2023ca359ed31407d999edcbe8cd7bd1d433b3
Tue Jan 21 11:25:37 [initandlisten] build info: windows sys.getwindowsversion(major=6, minor=0, build=6002, platform=2, service_pack='Service Pack 2') BOOST_LIB_VERSION=1_49
Tue Jan 21 11:25:37 [initandlisten] options: { dbpath: "f:\express\mongodb\data\db", logpath: "f:\express\mongodb\data\log\mongodb.log" }
Tue Jan 21 11:25:37 [initandlisten] Unable to check for journal files due to: boost::filesystem::basic_directory_iterator constructor: 系统找不到指定的路径。: "f:\express\mongodb\data\db\journal"
Tue Jan 21 11:25:37 [initandlisten] waiting for connections on port 27017
Tue Jan 21 11:25:37 [websvr] admin web console waiting for connections on port 28017
Tue Jan 21 11:25:55 [initandlisten] connection accepted from 127.0.0.1:50144 #1 (1 connection now open)
Tue Jan 21 17:35:38 [conn1] end connection 127.0.0.1:50144 (0 connections now open)
Tue Jan 21 17:35:41 CTRL_CLOSE_EVENT signal
Tue Jan 21 17:35:41 [consoleTerminate] got CTRL_CLOSE_EVENT, will terminate after current cmd ends
Tue Jan 21 17:35:41 [consoleTerminate] now exiting
Tue Jan 21 17:35:41 dbexit: 
Tue Jan 21 17:35:41 [consoleTerminate] shutdown: going to close listening sockets...
Tue Jan 21 17:35:41 [consoleTerminate] closing listening socket: 488
Tue Jan 21 17:35:41 [consoleTerminate] closing listening socket: 492
Tue Jan 21 17:35:41 [consoleTerminate] shutdown: going to flush diaglog...
Tue Jan 21 17:35:41 [consoleTerminate] shutdown: going to close sockets...
Tue Jan 21 17:35:41 [consoleTerminate] shutdown: waiting for fs preallocator...
Tue Jan 21 17:35:41 [consoleTerminate] shutdown: closing all files...
Tue Jan 21 17:35:41 [consoleTerminate] closeAllFiles() finished
Tue Jan 21 17:35:41 [consoleTerminate] shutdown: removing fs lock...
Tue Jan 21 17:35:41 dbexit: really exiting now
