0 info it worked if it ends with ok
1 verbose cli [ 'F:\\nodejs\\\\node.exe',
1 verbose cli   'F:\\nodejs\\node_modules\\npm\\bin\\npm-cli.js',
1 verbose cli   'install',
1 verbose cli   'mongodb' ]
2 info using npm@1.3.21
3 info using node@v0.10.24
4 verbose node symlink F:\nodejs\\node.exe
5 verbose readDependencies using package.json deps
6 verbose cache add [ 'mongodb@>=0.9.9', null ]
7 verbose cache add name=undefined spec="mongodb@>=0.9.9" args=["mongodb@>=0.9.9",null]
8 verbose parsed url { protocol: null,
8 verbose parsed url   slashes: null,
8 verbose parsed url   auth: null,
8 verbose parsed url   host: null,
8 verbose parsed url   port: null,
8 verbose parsed url   hostname: null,
8 verbose parsed url   hash: null,
8 verbose parsed url   search: null,
8 verbose parsed url   query: null,
8 verbose parsed url   pathname: 'mongodb@%3E=0.9.9',
8 verbose parsed url   path: 'mongodb@%3E=0.9.9',
8 verbose parsed url   href: 'mongodb@%3E=0.9.9' }
9 verbose cache add name="mongodb" spec=">=0.9.9" args=["mongodb",">=0.9.9"]
10 verbose parsed url { protocol: null,
10 verbose parsed url   slashes: null,
10 verbose parsed url   auth: null,
10 verbose parsed url   host: null,
10 verbose parsed url   port: null,
10 verbose parsed url   hostname: null,
10 verbose parsed url   hash: null,
10 verbose parsed url   search: null,
10 verbose parsed url   query: null,
10 verbose parsed url   pathname: '%3E=0.9.9',
10 verbose parsed url   path: '%3E=0.9.9',
10 verbose parsed url   href: '%3E=0.9.9' }
11 verbose addNamed [ 'mongodb', '>=0.9.9' ]
12 verbose addNamed [ null, '>=0.9.9' ]
13 silly lockFile bdbceb55-mongodb-0-9-9 mongodb@>=0.9.9
14 verbose lock mongodb@>=0.9.9 C:\Users\207161\AppData\Roaming\npm-cache\bdbceb55-mongodb-0-9-9.lock
15 silly addNameRange { name: 'mongodb', range: '>=0.9.9', hasData: false }
16 verbose url raw mongodb
17 verbose url resolving [ 'https://registry.npmjs.org/', './mongodb' ]
18 verbose url resolved https://registry.npmjs.org/mongodb
19 info trying registry request attempt 1 at 17:24:27
20 verbose etag "82JMEUYIXL9HLRCXGRZGNGNNQ"
21 http GET https://registry.npmjs.org/mongodb
22 info retry will retry, error on last attempt: Error: connect ETIMEDOUT
23 info trying registry request attempt 2 at 17:24:58
24 verbose etag "82JMEUYIXL9HLRCXGRZGNGNNQ"
25 http GET https://registry.npmjs.org/mongodb
26 info retry will retry, error on last attempt: Error: connect ETIMEDOUT
27 info trying registry request attempt 3 at 17:26:19
28 verbose etag "82JMEUYIXL9HLRCXGRZGNGNNQ"
29 http GET https://registry.npmjs.org/mongodb
30 silly registry.get cb [ 304, undefined ]
31 verbose etag mongodb from cache
32 silly addNameRange number 2 { name: 'mongodb', range: '>=0.9.9', hasData: true }
33 silly addNameRange versions [ 'mongodb',
33 silly addNameRange   [ '0.9.4',
33 silly addNameRange     '0.9.4-4',
33 silly addNameRange     '0.9.3',
33 silly addNameRange     '0.9.1',
33 silly addNameRange     '0.9.2',
33 silly addNameRange     '0.9.6-7',
33 silly addNameRange     '0.9.6-8',
33 silly addNameRange     '0.9.6-9',
33 silly addNameRange     '0.9.6-10',
33 silly addNameRange     '0.9.6-11',
33 silly addNameRange     '0.9.6-12',
33 silly addNameRange     '0.9.6-13',
33 silly addNameRange     '0.9.6-14',
33 silly addNameRange     '0.9.6-15',
33 silly addNameRange     '0.9.6-16',
33 silly addNameRange     '0.9.6-17',
33 silly addNameRange     '0.9.6-18',
33 silly addNameRange     '0.9.6-19',
33 silly addNameRange     '0.9.6-20',
33 silly addNameRange     '0.9.6-21',
33 silly addNameRange     '0.9.6-22',
33 silly addNameRange     '0.9.6-23',
33 silly addNameRange     '0.9.7',
33 silly addNameRange     '0.9.7-0',
33 silly addNameRange     '0.9.7-1',
33 silly addNameRange     '0.9.7-1.1',
33 silly addNameRange     '0.9.7-1.2',
33 silly addNameRange     '0.9.7-1.3',
33 silly addNameRange     '0.9.7-1.4',
33 silly addNameRange     '0.9.7-2',
33 silly addNameRange     '0.9.7-2-1',
33 silly addNameRange     '0.9.7-2-2',
33 silly addNameRange     '0.9.7-2-3',
33 silly addNameRange     '0.9.7-2-4',
33 silly addNameRange     '0.9.7-2-5',
33 silly addNameRange     '0.9.7-3',
33 silly addNameRange     '0.9.7-3-1',
33 silly addNameRange     '0.9.7-3-2',
33 silly addNameRange     '0.9.7-3-3',
33 silly addNameRange     '0.9.7-3-4',
33 silly addNameRange     '0.9.7-3-5',
33 silly addNameRange     '0.9.8',
33 silly addNameRange     '0.9.8-1',
33 silly addNameRange     '0.9.8-2',
33 silly addNameRange     '0.9.8-3',
33 silly addNameRange     '0.9.8-4',
33 silly addNameRange     '0.9.8-5',
33 silly addNameRange     '0.9.8-6',
33 silly addNameRange     '0.9.8-7',
33 silly addNameRange     '0.9.9',
33 silly addNameRange     '0.9.9-1',
33 silly addNameRange     '0.9.9-2',
33 silly addNameRange     '0.9.9-3',
33 silly addNameRange     '0.9.9-4',
33 silly addNameRange     '0.9.9-5',
33 silly addNameRange     '0.9.9-6',
33 silly addNameRange     '0.9.9-7',
33 silly addNameRange     '0.9.9-8',
33 silly addNameRange     '1.0.0',
33 silly addNameRange     '1.0.1',
33 silly addNameRange     '1.0.2',
33 silly addNameRange     '1.1.0-beta',
33 silly addNameRange     '1.1.0',
33 silly addNameRange     '1.1.1',
33 silly addNameRange     '1.1.2',
33 silly addNameRange     '1.1.3',
33 silly addNameRange     '1.1.4',
33 silly addNameRange     '1.1.5',
33 silly addNameRange     '1.1.6',
33 silly addNameRange     '1.1.7',
33 silly addNameRange     '1.1.8',
33 silly addNameRange     '1.1.9',
33 silly addNameRange     '1.1.10',
33 silly addNameRange     '1.1.11',
33 silly addNameRange     '1.2.0',
33 silly addNameRange     '1.2.1',
33 silly addNameRange     '1.2.2',
33 silly addNameRange     '1.2.3',
33 silly addNameRange     '1.2.4',
33 silly addNameRange     '1.2.5',
33 silly addNameRange     '1.2.6',
33 silly addNameRange     '1.2.7',
33 silly addNameRange     '1.2.8',
33 silly addNameRange     '1.2.9',
33 silly addNameRange     '1.2.10',
33 silly addNameRange     '1.2.11',
33 silly addNameRange     '1.2.12',
33 silly addNameRange     '1.2.13',
33 silly addNameRange     '1.2.14',
33 silly addNameRange     '1.3.0',
33 silly addNameRange     '1.3.1',
33 silly addNameRange     '1.3.2',
33 silly addNameRange     '1.3.3',
33 silly addNameRange     '1.3.4',
33 silly addNameRange     '1.3.5',
33 silly addNameRange     '1.3.6',
33 silly addNameRange     '1.3.7',
33 silly addNameRange     '1.3.8',
33 silly addNameRange     '1.3.9',
33 silly addNameRange     '1.3.10',
33 silly addNameRange     '1.3.11',
33 silly addNameRange     '1.3.12',
33 silly addNameRange     '1.3.14',
33 silly addNameRange     '1.3.15',
33 silly addNameRange     '1.3.17',
33 silly addNameRange     '1.3.18',
33 silly addNameRange     '1.3.19',
33 silly addNameRange     '1.4.0-rc2',
33 silly addNameRange     '1.3.20',
33 silly addNameRange     '1.4.0-rc3',
33 silly addNameRange     '1.3.21',
33 silly addNameRange     '1.3.22',
33 silly addNameRange     '1.3.23',
33 silly addNameRange     '1.4.0-rc4' ] ]
34 verbose addNamed [ 'mongodb', '1.3.23' ]
35 verbose addNamed [ '1.3.23', '1.3.23' ]
36 silly lockFile 130bb479-mongodb-1-3-23 mongodb@1.3.23
37 verbose lock mongodb@1.3.23 C:\Users\207161\AppData\Roaming\npm-cache\130bb479-mongodb-1-3-23.lock
38 silly lockFile f15d8475-s-org-mongodb-mongodb-1-3-23-tgz https://registry.npmjs.org/mongodb/-/mongodb-1.3.23.tgz
39 verbose lock https://registry.npmjs.org/mongodb/-/mongodb-1.3.23.tgz C:\Users\207161\AppData\Roaming\npm-cache\f15d8475-s-org-mongodb-mongodb-1-3-23-tgz.lock
40 verbose addRemoteTarball [ 'https://registry.npmjs.org/mongodb/-/mongodb-1.3.23.tgz',
40 verbose addRemoteTarball   '874a5212162b16188aeeaee5e06067766c8e9e86' ]
41 info retry fetch attempt 1 at 17:26:40
42 verbose fetch to= C:\Users\207161\AppData\Local\Temp\npm-1472-ZAeYyxMQ\1390296400458-0.6015359670855105\tmp.tgz
43 http GET https://registry.npmjs.org/mongodb/-/mongodb-1.3.23.tgz
44 error fetch failed https://registry.npmjs.org/mongodb/-/mongodb-1.3.23.tgz
45 info retry will retry, error on last attempt: Error: connect ETIMEDOUT
46 info retry fetch attempt 2 at 17:27:11
47 verbose fetch to= C:\Users\207161\AppData\Local\Temp\npm-1472-ZAeYyxMQ\1390296400458-0.6015359670855105\tmp.tgz
48 http GET https://registry.npmjs.org/mongodb/-/mongodb-1.3.23.tgz
49 error fetch failed https://registry.npmjs.org/mongodb/-/mongodb-1.3.23.tgz
50 info retry will retry, error on last attempt: Error: connect ETIMEDOUT
51 info retry fetch attempt 3 at 17:28:32
52 verbose fetch to= C:\Users\207161\AppData\Local\Temp\npm-1472-ZAeYyxMQ\1390296400458-0.6015359670855105\tmp.tgz
53 http GET https://registry.npmjs.org/mongodb/-/mongodb-1.3.23.tgz
54 error fetch failed https://registry.npmjs.org/mongodb/-/mongodb-1.3.23.tgz
55 silly lockFile f15d8475-s-org-mongodb-mongodb-1-3-23-tgz https://registry.npmjs.org/mongodb/-/mongodb-1.3.23.tgz
56 silly lockFile f15d8475-s-org-mongodb-mongodb-1-3-23-tgz https://registry.npmjs.org/mongodb/-/mongodb-1.3.23.tgz
57 silly lockFile 130bb479-mongodb-1-3-23 mongodb@1.3.23
58 silly lockFile 130bb479-mongodb-1-3-23 mongodb@1.3.23
59 silly lockFile bdbceb55-mongodb-0-9-9 mongodb@>=0.9.9
60 silly lockFile bdbceb55-mongodb-0-9-9 mongodb@>=0.9.9
61 error network connect ETIMEDOUT
61 error network This is most likely not a problem with npm itself
61 error network and is related to network connectivity.
61 error network In most cases you are behind a proxy or have bad network settings.
61 error network
61 error network If you are behind a proxy, please make sure that the
61 error network 'proxy' config is set properly.  See: 'npm help config'
62 error System Windows_NT 6.1.7601
63 error command "F:\\nodejs\\\\node.exe" "F:\\nodejs\\node_modules\\npm\\bin\\npm-cli.js" "install" "mongodb"
64 error cwd F:\express\microblog
65 error node -v v0.10.24
66 error npm -v 1.3.21
67 error syscall connect
68 error code ETIMEDOUT
69 error errno ETIMEDOUT
70 verbose exit [ 1, true ]
